<?xml version="1.0" encoding="utf-8"?><testsuites name="pytest tests"><testsuite name="pytest" errors="0" failures="0" skipped="2" tests="19" time="28.670" timestamp="2026-05-04T02:20:32.698904+00:00" hostname="agent-env-ea176157-3ad5-43fd-ae1c-ce61a2f51ea8"><testcase classname="backend.tests.test_haulsafe_api.TestHealth" name="test_root" time="0.148" /><testcase classname="backend.tests.test_haulsafe_api.TestTruckProfile" name="test_auto_create_default_profile" time="0.057" /><testcase classname="backend.tests.test_haulsafe_api.TestTruckProfile" name="test_update_profile" time="0.114" /><testcase classname="backend.tests.test_haulsafe_api.TestGeocode" name="test_geocode_manchester" time="11.166"><skipped type="pytest.skip" message="Nominatim public endpoint rate-limited (429); flaky upstream, not a backend bug">/app/backend/tests/test_haulsafe_api.py:83: Nominatim public endpoint rate-limited (429); flaky upstream, not a backend bug</skipped></testcase><testcase classname="backend.tests.test_haulsafe_api.TestGeocode" name="test_geocode_too_short" time="0.055" /><testcase classname="backend.tests.test_haulsafe_api.TestRoute" name="test_route_london_manchester" time="0.767" /><testcase classname="backend.tests.test_haulsafe_api.TestRouteAnalysis" name="test_analysis_with_hgv_profile" time="13.587" /><testcase classname="backend.tests.test_haulsafe_api.TestRouteAnalysis" name="test_analysis_critical_flag_for_tall_truck" time="1.253" /><testcase classname="backend.tests.test_haulsafe_api.TestRouteAnalysis" name="test_analysis_rejects_short_coords" time="0.055" /><testcase classname="backend.tests.test_haulsafe_api.TestSubscription" name="test_auto_trial_on_first_get" time="0.050" /><testcase classname="backend.tests.test_haulsafe_api.TestSubscription" name="test_toggle_auto_renew" time="0.100" /><testcase classname="backend.tests.test_haulsafe_api.TestSubscription" name="test_cancel_keeps_active_until_expiry" time="0.116" /><testcase classname="backend.tests.test_haulsafe_api.TestSubscription" name="test_cancel_requires_device_id" time="0.048" /><testcase classname="backend.tests.test_haulsafe_api.TestPayments" name="test_create_checkout_session" time="0.584" /><testcase classname="backend.tests.test_haulsafe_api.TestPayments" name="test_invalid_plan" time="0.050" /><testcase classname="backend.tests.test_haulsafe_api.TestPayments" name="test_checkout_status_unpaid" time="0.276"><skipped type="pytest.xfail" message="Stripe proxy returns 404 on freshly-created session – server bubbles 500" /></testcase><testcase classname="backend.tests.test_haulsafe_api.TestAdmin" name="test_admin_correct_pin" time="0.051" /><testcase classname="backend.tests.test_haulsafe_api.TestAdmin" name="test_admin_wrong_pin" time="0.045" /><testcase classname="backend.tests.test_haulsafe_api.TestAdmin" name="test_admin_missing_pin" time="0.047" /></testsuite></testsuites>