<?xml version="1.0" encoding="utf-8"?><testsuites name="pytest tests"><testsuite name="pytest" errors="0" failures="0" skipped="0" tests="9" time="14.635" timestamp="2026-05-02T16:59:35.951443+00:00" hostname="agent-env-ea176157-3ad5-43fd-ae1c-ce61a2f51ea8"><testcase classname="backend.tests.test_haulsafe_api.TestHealth" name="test_root" time="0.273" /><testcase classname="backend.tests.test_haulsafe_api.TestTruckProfile" name="test_auto_create_default_profile" time="0.053" /><testcase classname="backend.tests.test_haulsafe_api.TestTruckProfile" name="test_update_profile" time="0.094" /><testcase classname="backend.tests.test_haulsafe_api.TestGeocode" name="test_geocode_manchester" time="0.161" /><testcase classname="backend.tests.test_haulsafe_api.TestGeocode" name="test_geocode_too_short" time="0.050" /><testcase classname="backend.tests.test_haulsafe_api.TestRoute" name="test_route_london_manchester" time="0.779" /><testcase classname="backend.tests.test_haulsafe_api.TestRouteAnalysis" name="test_analysis_with_hgv_profile" time="11.754" /><testcase classname="backend.tests.test_haulsafe_api.TestRouteAnalysis" name="test_analysis_critical_flag_for_tall_truck" time="1.335" /><testcase classname="backend.tests.test_haulsafe_api.TestRouteAnalysis" name="test_analysis_rejects_short_coords" time="0.055" /></testsuite></testsuites>